2023-03-20T09:51:37.355Z [Dengine] info: Listening on port 5000...
2023-03-20T09:51:38.067Z [Dengine] info: Connected to mongodb+srv://sahilsinghdhadwal:Sahil@123@cluster0-xzigw.mongodb.net/dengine-biogen-prod...
2023-03-20T09:51:43.451Z [Dengine] info: Listening on port 5000...
2023-03-20T09:51:43.966Z [Dengine] info: Connected to mongodb+srv://sahilsinghdhadwal:Sahil@123@cluster0-xzigw.mongodb.net/dengine-biogen-prod...
2023-03-20T09:52:16.112Z [Dengine] info: Listening on port 5000...
2023-03-20T09:52:16.705Z [Dengine] info: Connected to mongodb+srv://sahilsinghdhadwal:Sahil@123@cluster0-xzigw.mongodb.net/dengine-biogen-prod...
2023-03-20T09:58:08.538Z [Dengine] info: Listening on port 5000...
2023-03-20T09:58:09.253Z [Dengine] info: Connected to mongodb+srv://sahilsinghdhadwal:Sahil@123@cluster0-xzigw.mongodb.net/dengine-biogen-prod...
2023-03-20T09:59:33.556Z [Dengine] info: Listening on port 5000...
2023-03-20T09:59:34.146Z [Dengine] info: Connected to mongodb+srv://sahilsinghdhadwal:Sahil@123@cluster0-xzigw.mongodb.net/dengine-biogen-test...
2023-03-20T09:59:38.813Z [Dengine] info: Listening on port 5000...
2023-03-20T09:59:39.322Z [Dengine] info: Connected to mongodb+srv://sahilsinghdhadwal:Sahil@123@cluster0-xzigw.mongodb.net/dengine-biogen-test...
2023-03-20T10:00:12.582Z [Dengine] info: Listening on port 5000...
2023-03-20T10:00:13.064Z [Dengine] info: Connected to mongodb+srv://sahilsinghdhadwal:Sahil@123@cluster0-xzigw.mongodb.net/dengine-biogen-test...
2023-03-20T10:00:44.450Z [Dengine] error: Cannot read properties of null (reading '1') Cannot read properties of null (reading '1')
2023-03-20T10:04:18.910Z [Dengine] info: Listening on port 5000...
2023-03-20T10:04:19.483Z [Dengine] info: Connected to mongodb+srv://sahilsinghdhadwal:Sahil@123@cluster0-xzigw.mongodb.net/dengine-biogen-test...
2023-03-20T10:06:47.012Z [Dengine] error: Cannot read properties of null (reading 'length') Cannot read properties of null (reading 'length')
2023-03-20T10:12:03.818Z [Dengine] info: Listening on port 5000...
2023-03-20T10:12:04.423Z [Dengine] info: Connected to mongodb+srv://sahilsinghdhadwal:Sahil@123@cluster0-xzigw.mongodb.net/dengine-biogen-test...
2023-03-20T10:14:31.745Z [Dengine] error: Cannot read properties of null (reading 'length') Cannot read properties of null (reading 'length')
2023-03-20T10:14:49.340Z [Dengine] error: Cannot read properties of null (reading 'length') Cannot read properties of null (reading 'length')
2023-03-20T10:15:36.488Z [Dengine] info: Listening on port 5000...
2023-03-20T10:15:37.115Z [Dengine] info: Connected to mongodb+srv://sahilsinghdhadwal:Sahil@123@cluster0-xzigw.mongodb.net/dengine-biogen-test...
2023-03-20T10:15:47.451Z [Dengine] error: Cannot read properties of null (reading 'length') Cannot read properties of null (reading 'length')
2023-03-20T10:46:46.072Z [Dengine] info: Listening on port 5000...
2023-03-20T10:46:46.687Z [Dengine] info: Connected to mongodb+srv://sahilsinghdhadwal:Sahil@123@cluster0-xzigw.mongodb.net/dengine-biogen-test...
2023-03-20T10:47:17.187Z [Dengine] error: Cannot read properties of null (reading '1') Cannot read properties of null (reading '1')
2023-03-20T10:47:27.505Z [Dengine] error: Cannot read properties of null (reading 'length') Cannot read properties of null (reading 'length')
2023-03-20T10:47:46.290Z [Dengine] error: Cannot read properties of null (reading 'length') Cannot read properties of null (reading 'length')
2023-03-20T10:48:37.536Z [Dengine] info: Listening on port 5000...
2023-03-20T10:48:38.116Z [Dengine] info: Connected to mongodb+srv://sahilsinghdhadwal:Sahil@123@cluster0-xzigw.mongodb.net/dengine-biogen-test...
2023-03-20T10:48:43.494Z [Dengine] info: Listening on port 5000...
2023-03-20T10:48:44.128Z [Dengine] info: Connected to mongodb+srv://sahilsinghdhadwal:Sahil@123@cluster0-xzigw.mongodb.net/dengine-biogen-test...
2023-03-20T10:49:16.487Z [Dengine] info: Listening on port 5000...
2023-03-20T10:49:16.931Z [Dengine] info: Connected to mongodb+srv://sahilsinghdhadwal:Sahil@123@cluster0-xzigw.mongodb.net/dengine-biogen-test...
2023-03-20T10:49:52.039Z [Dengine] error: Cannot read properties of null (reading '1') Cannot read properties of null (reading '1')
2023-03-20T10:49:54.594Z [Dengine] error: Cannot read properties of null (reading '1') Cannot read properties of null (reading '1')
2023-03-20T10:49:55.875Z [Dengine] error: Cannot read properties of null (reading '1') Cannot read properties of null (reading '1')
2023-03-20T10:56:06.824Z [Dengine] error: Cannot read properties of null (reading '1') Cannot read properties of null (reading '1')
2023-03-20T10:59:23.894Z [Dengine] error: Cannot read properties of null (reading 'length') Cannot read properties of null (reading 'length')
2023-03-20T10:59:42.951Z [Dengine] info: Listening on port 5000...
2023-03-20T10:59:43.488Z [Dengine] info: Connected to mongodb+srv://sahilsinghdhadwal:Sahil@123@cluster0-xzigw.mongodb.net/dengine-biogen-test...
2023-03-20T11:26:30.663Z [Dengine] info: Listening on port 5000...
2023-03-20T11:26:31.379Z [Dengine] info: Connected to mongodb+srv://sahilsinghdhadwal:Sahil@123@cluster0-xzigw.mongodb.net/dengine-biogen-test...
2023-03-20T11:26:34.200Z [Dengine] info: Listening on port 5000...
2023-03-20T11:26:34.720Z [Dengine] info: Connected to mongodb+srv://sahilsinghdhadwal:Sahil@123@cluster0-xzigw.mongodb.net/dengine-biogen-test...
2023-03-20T11:27:03.714Z [Dengine] info: Listening on port 5000...
2023-03-20T11:27:04.200Z [Dengine] info: Connected to mongodb+srv://sahilsinghdhadwal:Sahil@123@cluster0-xzigw.mongodb.net/dengine-biogen-test...
2023-03-20T11:27:45.634Z [Dengine] error: Cannot read properties of null (reading '1') Cannot read properties of null (reading '1')
2023-03-20T11:31:39.537Z [Dengine] error: Cannot read properties of null (reading 'length') Cannot read properties of null (reading 'length')
2023-03-20T11:34:47.667Z [Dengine] error: Cannot read properties of null (reading '1') Cannot read properties of null (reading '1')
2023-03-20T11:34:49.559Z [Dengine] error: Cannot read properties of null (reading '1') Cannot read properties of null (reading '1')
2023-03-20T11:58:03.712Z [Dengine] error: Cannot read properties of null (reading 'length') Cannot read properties of null (reading 'length')
2023-03-20T13:37:27.341Z [Dengine] error: Cannot read properties of null (reading '1') Cannot read properties of null (reading '1')
2023-03-20T18:07:52.241Z [Dengine] info: Listening on port 5000...
2023-03-20T18:07:54.451Z [Dengine] info: Listening on port 5000...
2023-03-20T18:07:54.919Z [Dengine] info: Connected to mongodb+srv://sahilsinghdhadwal:Sahil@123@cluster0-xzigw.mongodb.net/dengine-biogen-test...
2023-03-20T18:07:58.863Z [Dengine] info: Listening on port 5000...
2023-03-20T18:08:09.881Z [Dengine] info: Listening on port 5000...
2023-03-20T18:08:10.379Z [Dengine] info: Connected to mongodb+srv://sahilsinghdhadwal:Sahil@123@cluster0-xzigw.mongodb.net/dengine-biogen-test...
2023-03-20T18:08:25.399Z [Dengine] error: Cannot read properties of null (reading '1') Cannot read properties of null (reading '1')
2023-03-20T18:08:31.710Z [Dengine] error: Cannot read properties of null (reading '1') Cannot read properties of null (reading '1')
2023-03-20T18:09:04.790Z [Dengine] info: Listening on port 5000...
2023-03-20T18:09:05.453Z [Dengine] info: Connected to mongodb+srv://sahilsinghdhadwal:Sahil@123@cluster0-xzigw.mongodb.net/dengine-biogen-test...
2023-03-20T18:09:20.737Z [Dengine] info: Listening on port 5000...
2023-03-20T18:09:21.225Z [Dengine] info: Connected to mongodb+srv://sahilsinghdhadwal:Sahil@123@cluster0-xzigw.mongodb.net/dengine-biogen-test...
2023-03-20T18:09:34.647Z [Dengine] error: Cannot read properties of null (reading '1') Cannot read properties of null (reading '1')
2023-03-20T18:09:53.940Z [Dengine] error: Cannot read properties of null (reading '1') Cannot read properties of null (reading '1')
2023-03-20T18:09:55.710Z [Dengine] error: Cannot read properties of null (reading '1') Cannot read properties of null (reading '1')
2023-03-20T18:11:19.417Z [Dengine] error: Cannot read properties of null (reading 'length') Cannot read properties of null (reading 'length')
2023-03-20T18:12:32.918Z [Dengine] error: Cannot read properties of null (reading 'length') Cannot read properties of null (reading 'length')
2023-03-20T18:14:08.982Z [Dengine] error: Cannot read properties of null (reading 'length') Cannot read properties of null (reading 'length')
2023-03-20T18:14:53.844Z [Dengine] error: Cannot read properties of null (reading 'length') Cannot read properties of null (reading 'length')
2023-03-20T18:15:55.650Z [Dengine] error: Cannot read properties of null (reading 'length') Cannot read properties of null (reading 'length')
2023-03-20T18:17:11.316Z [Dengine] error: Cannot read properties of null (reading 'length') Cannot read properties of null (reading 'length')
2023-03-20T18:17:57.875Z [Dengine] error: Cannot read properties of null (reading 'length') Cannot read properties of null (reading 'length')
2023-03-20T18:30:04.773Z [Dengine] info: Listening on port 5000...
2023-03-20T18:30:05.765Z [Dengine] info: Connected to mongodb+srv://sahilsinghdhadwal:Sahil@123@cluster0-xzigw.mongodb.net/dengine-biogen-test...
2023-03-20T18:30:10.645Z [Dengine] info: Listening on port 5000...
2023-03-20T18:30:11.139Z [Dengine] info: Connected to mongodb+srv://sahilsinghdhadwal:Sahil@123@cluster0-xzigw.mongodb.net/dengine-biogen-test...
2023-03-20T18:30:27.315Z [Dengine] info: Listening on port 5000...
2023-03-20T18:30:27.780Z [Dengine] info: Connected to mongodb+srv://sahilsinghdhadwal:Sahil@123@cluster0-xzigw.mongodb.net/dengine-biogen-test...
2023-03-20T18:30:41.565Z [Dengine] error: Cannot read properties of null (reading '1') Cannot read properties of null (reading '1')
2023-03-20T18:30:43.389Z [Dengine] error: Cannot read properties of null (reading '1') Cannot read properties of null (reading '1')
2023-03-20T18:30:44.539Z [Dengine] error: Cannot read properties of null (reading '1') Cannot read properties of null (reading '1')
2023-03-20T18:30:45.681Z [Dengine] error: Cannot read properties of null (reading '1') Cannot read properties of null (reading '1')
2023-03-20T18:30:56.890Z [Dengine] error: Cannot read properties of null (reading 'length') Cannot read properties of null (reading 'length')
2023-03-20T18:35:52.664Z [Dengine] error: Cannot read properties of null (reading '1') Cannot read properties of null (reading '1')
2023-03-20T18:36:08.786Z [Dengine] error: Cannot read properties of null (reading 'length') Cannot read properties of null (reading 'length')
2023-03-20T19:29:50.813Z [Dengine] error: Cannot read properties of null (reading '1') Cannot read properties of null (reading '1')
2023-03-20T19:29:52.736Z [Dengine] error: Cannot read properties of null (reading '1') Cannot read properties of null (reading '1')
2023-03-20T19:29:53.967Z [Dengine] error: Cannot read properties of null (reading '1') Cannot read properties of null (reading '1')
2023-03-20T19:29:55.083Z [Dengine] error: Cannot read properties of null (reading '1') Cannot read properties of null (reading '1')
2023-03-20T20:09:00.090Z [Dengine] error: Cannot read properties of null (reading '1') Cannot read properties of null (reading '1')
2023-03-20T20:22:52.841Z [Dengine] error: Cannot read properties of null (reading '1') Cannot read properties of null (reading '1')
2023-03-20T20:22:55.041Z [Dengine] error: Cannot read properties of null (reading '1') Cannot read properties of null (reading '1')
2023-03-20T20:36:24.766Z [Dengine] error: Cannot read properties of null (reading '1') Cannot read properties of null (reading '1')
2023-03-20T20:43:20.458Z [Dengine] error: Cannot read properties of null (reading '1') Cannot read properties of null (reading '1')
2023-03-20T20:43:37.217Z [Dengine] error: Cannot read properties of null (reading 'length') Cannot read properties of null (reading 'length')
2023-03-20T20:44:58.203Z [Dengine] error: Cannot read properties of null (reading '1') Cannot read properties of null (reading '1')
2023-03-20T20:45:37.743Z [Dengine] error: Cannot read properties of null (reading 'length') Cannot read properties of null (reading 'length')
2023-03-20T21:00:40.556Z [Dengine] error: Cannot read properties of null (reading '1') Cannot read properties of null (reading '1')
2023-03-20T21:01:10.599Z [Dengine] error: Cannot read properties of null (reading 'length') Cannot read properties of null (reading 'length')
2023-03-20T21:02:07.274Z [Dengine] error: Cannot read properties of null (reading '1') Cannot read properties of null (reading '1')
2023-03-20T21:04:10.741Z [Dengine] error: Cannot read properties of null (reading 'length') Cannot read properties of null (reading 'length')
2023-03-20T21:08:23.020Z [Dengine] error: Cannot read properties of null (reading '1') Cannot read properties of null (reading '1')
2023-03-21T15:05:43.969Z [Dengine] info: Listening on port 5000...
2023-03-21T15:05:44.667Z [Dengine] info: Connected to mongodb+srv://sahilsinghdhadwal:Sahil@123@cluster0-xzigw.mongodb.net/dengine-biogen-test...
2023-03-21T15:09:17.777Z [Dengine] info: Listening on port 5000...
2023-03-21T15:09:18.450Z [Dengine] info: Connected to mongodb+srv://sahilsinghdhadwal:Sahil@123@cluster0-xzigw.mongodb.net/dengine-biogen-test...
2023-03-21T15:09:21.028Z [Dengine] info: Listening on port 5000...
2023-03-21T15:09:21.619Z [Dengine] info: Connected to mongodb+srv://sahilsinghdhadwal:Sahil@123@cluster0-xzigw.mongodb.net/dengine-biogen-test...
2023-03-21T15:09:27.509Z [Dengine] info: Listening on port 5000...
2023-03-21T15:09:28.099Z [Dengine] info: Connected to mongodb+srv://sahilsinghdhadwal:Sahil@123@cluster0-xzigw.mongodb.net/dengine-biogen-test...
2023-03-21T15:09:40.150Z [Dengine] info: Listening on port 5000...
2023-03-21T15:09:40.667Z [Dengine] info: Connected to mongodb+srv://sahilsinghdhadwal:Sahil@123@cluster0-xzigw.mongodb.net/dengine-biogen-test...
2023-03-21T15:10:22.423Z [Dengine] error: Cannot read properties of null (reading '1') Cannot read properties of null (reading '1')
2023-03-21T15:10:44.349Z [Dengine] error: Cannot read properties of null (reading 'length') Cannot read properties of null (reading 'length')
2023-03-21T15:15:08.524Z [Dengine] error: Cannot read properties of null (reading 'length') Cannot read properties of null (reading 'length')
2023-03-21T15:21:48.869Z [Dengine] info: Listening on port 5000...
2023-03-21T15:21:49.407Z [Dengine] info: Connected to mongodb+srv://sahilsinghdhadwal:Sahil@123@cluster0-xzigw.mongodb.net/dengine-biogen-test...
2023-03-21T15:23:07.885Z [Dengine] info: Listening on port 5000...
2023-03-21T15:23:08.455Z [Dengine] info: Connected to mongodb+srv://sahilsinghdhadwal:Sahil@123@cluster0-xzigw.mongodb.net/dengine-biogen-test...
2023-03-21T15:23:25.631Z [Dengine] error: Cannot read properties of null (reading '1') Cannot read properties of null (reading '1')
2023-03-21T15:25:19.286Z [Dengine] info: Listening on port 5000...
2023-03-21T15:25:19.859Z [Dengine] info: Connected to mongodb+srv://sahilsinghdhadwal:Sahil@123@cluster0-xzigw.mongodb.net/dengine-biogen-test...
2023-03-21T15:32:12.286Z [Dengine] error: Cannot read properties of null (reading '1') Cannot read properties of null (reading '1')
2023-03-21T15:32:44.184Z [Dengine] error: Cannot read properties of null (reading '1') Cannot read properties of null (reading '1')
2023-03-21T15:37:25.273Z [Dengine] error: Cannot read properties of null (reading '1') Cannot read properties of null (reading '1')
2023-03-21T15:38:11.050Z [Dengine] error: Cannot read properties of null (reading '1') Cannot read properties of null (reading '1')
2023-03-21T15:40:18.033Z [Dengine] error: Cannot read properties of null (reading '1') Cannot read properties of null (reading '1')
2023-03-21T16:31:52.789Z [Dengine] error: Cannot read properties of null (reading '1') Cannot read properties of null (reading '1')
2023-03-21T18:24:23.587Z [Dengine] error: Cannot read properties of null (reading '1') Cannot read properties of null (reading '1')
2023-03-22T02:34:04.598Z [Dengine] error: Cannot read properties of null (reading '1') Cannot read properties of null (reading '1')
2023-03-22T03:24:05.625Z [Dengine] error: Cannot read properties of null (reading '1') Cannot read properties of null (reading '1')
2023-03-22T03:25:00.598Z [Dengine] error: Cannot read properties of null (reading '1') Cannot read properties of null (reading '1')
2023-03-22T03:55:28.554Z [Dengine] error: Cannot read properties of null (reading '1') Cannot read properties of null (reading '1')
2023-03-22T03:56:19.466Z [Dengine] error: Cannot read properties of null (reading '1') Cannot read properties of null (reading '1')
2023-03-22T03:57:26.194Z [Dengine] error: Cannot read properties of null (reading '1') Cannot read properties of null (reading '1')
2023-03-22T03:59:08.694Z [Dengine] error: Cannot read properties of null (reading '1') Cannot read properties of null (reading '1')
2023-03-22T04:01:07.106Z [Dengine] error: Cannot read properties of null (reading '1') Cannot read properties of null (reading '1')
2023-03-22T04:06:36.270Z [Dengine] error: Cannot read properties of null (reading '1') Cannot read properties of null (reading '1')
2023-03-22T04:07:47.911Z [Dengine] error: Cannot read properties of null (reading '1') Cannot read properties of null (reading '1')
2023-03-22T04:09:04.818Z [Dengine] error: Cannot read properties of null (reading '1') Cannot read properties of null (reading '1')
2023-03-22T04:09:23.334Z [Dengine] error: Cannot read properties of null (reading '1') Cannot read properties of null (reading '1')
2023-03-22T04:10:50.064Z [Dengine] error: Cannot read properties of null (reading '1') Cannot read properties of null (reading '1')
2023-03-22T04:12:19.520Z [Dengine] error: Cannot read properties of null (reading '1') Cannot read properties of null (reading '1')
2023-03-22T04:12:45.869Z [Dengine] error: Cannot read properties of null (reading '1') Cannot read properties of null (reading '1')
2023-03-22T04:13:31.881Z [Dengine] error: Cannot read properties of null (reading '1') Cannot read properties of null (reading '1')
2023-03-22T11:05:18.460Z [Dengine] error: Cannot read properties of null (reading '1') Cannot read properties of null (reading '1')
2023-03-22T11:05:58.074Z [Dengine] error: Cannot read properties of null (reading 'length') Cannot read properties of null (reading 'length')
2023-03-22T12:47:43.027Z [Dengine] info: Listening on port 5000...
2023-03-22T12:47:43.612Z [Dengine] info: Connected to mongodb+srv://sahilsinghdhadwal:Sahil@123@cluster0-xzigw.mongodb.net/dengine-biogen-test...
2023-03-22T12:56:26.511Z [Dengine] error: Cannot read properties of null (reading '1') Cannot read properties of null (reading '1')
2023-03-22T12:59:25.638Z [Dengine] error: Cannot read properties of null (reading 'length') Cannot read properties of null (reading 'length')
2023-03-22T13:18:36.959Z [Dengine] error: Cannot read properties of null (reading '1') Cannot read properties of null (reading '1')
2023-03-22T13:19:41.800Z [Dengine] error: Cannot read properties of null (reading 'length') Cannot read properties of null (reading 'length')
2023-03-22T13:23:23.937Z [Dengine] error: Cannot read properties of null (reading '1') Cannot read properties of null (reading '1')
2023-03-22T13:23:38.924Z [Dengine] error: Cannot read properties of null (reading 'length') Cannot read properties of null (reading 'length')
2023-03-22T15:04:56.150Z [Dengine] error: Cannot read properties of null (reading 'length') Cannot read properties of null (reading 'length')
2023-03-22T15:08:40.139Z [Dengine] error: Cannot read properties of null (reading '1') Cannot read properties of null (reading '1')
2023-03-22T15:09:14.440Z [Dengine] error: Cannot read properties of null (reading '1') Cannot read properties of null (reading '1')
2023-03-22T15:10:23.794Z [Dengine] error: Cannot read properties of null (reading '1') Cannot read properties of null (reading '1')
2023-03-22T15:12:03.867Z [Dengine] error: Cannot read properties of null (reading '1') Cannot read properties of null (reading '1')
2023-03-22T15:13:25.545Z [Dengine] error: Cannot read properties of null (reading '1') Cannot read properties of null (reading '1')
2023-03-22T15:13:28.219Z [Dengine] error: Cannot read properties of null (reading '1') Cannot read properties of null (reading '1')
2023-03-22T15:24:50.925Z [Dengine] error: Cannot read properties of null (reading '1') Cannot read properties of null (reading '1')
2023-03-22T15:26:46.875Z [Dengine] info: Listening on port 5000...
2023-03-22T15:26:47.439Z [Dengine] info: Connected to mongodb+srv://sahilsinghdhadwal:Sahil@123@cluster0-xzigw.mongodb.net/dengine-biogen-test...
2023-03-22T15:51:16.431Z [Dengine] info: Listening on port 5000...
2023-03-22T15:51:16.997Z [Dengine] info: Connected to mongodb+srv://sahilsinghdhadwal:Sahil@123@cluster0-xzigw.mongodb.net/dengine-biogen-test...
2023-03-22T15:58:58.124Z [Dengine] info: Listening on port 5000...
2023-03-22T15:58:58.621Z [Dengine] info: Connected to mongodb+srv://sahilsinghdhadwal:Sahil@123@cluster0-xzigw.mongodb.net/dengine-biogen-test...
2023-03-22T17:44:07.623Z [Dengine] info: Listening on port 5000...
2023-03-22T17:44:08.190Z [Dengine] info: Connected to mongodb+srv://sahilsinghdhadwal:Sahil@123@cluster0-xzigw.mongodb.net/dengine-biogen-test...
2023-03-22T18:52:35.844Z [Dengine] info: Listening on port 5000...
2023-03-22T18:52:36.555Z [Dengine] info: Connected to mongodb+srv://sahilsinghdhadwal:Sahil@123@cluster0-xzigw.mongodb.net/dengine-biogen-test...
2023-03-22T18:52:39.605Z [Dengine] info: Listening on port 5000...
2023-03-22T18:52:51.472Z [Dengine] info: Listening on port 5000...
2023-03-22T18:52:52.016Z [Dengine] info: Connected to mongodb+srv://sahilsinghdhadwal:Sahil@123@cluster0-xzigw.mongodb.net/dengine-biogen-test...
2023-03-22T18:53:07.484Z [Dengine] error: Cannot read properties of null (reading '1') Cannot read properties of null (reading '1')
2023-03-22T18:59:42.028Z [Dengine] info: Listening on port 5000...
2023-03-22T18:59:44.299Z [Dengine] info: Listening on port 5000...
2023-03-22T18:59:44.772Z [Dengine] info: Connected to mongodb+srv://sahilsinghdhadwal:Sahil@123@cluster0-xzigw.mongodb.net/dengine-biogen-test...
2023-03-22T18:59:48.661Z [Dengine] info: Listening on port 5000...
2023-03-22T19:00:04.173Z [Dengine] info: Listening on port 5000...
2023-03-22T19:00:04.665Z [Dengine] info: Connected to mongodb+srv://sahilsinghdhadwal:Sahil@123@cluster0-xzigw.mongodb.net/dengine-biogen-test...
2023-03-27T16:45:03.705Z [Dengine] info: Listening on port 5000...
2023-03-27T16:45:05.551Z [Dengine] info: Listening on port 5000...
2023-03-27T16:45:05.974Z [Dengine] info: Connected to mongodb+srv://sahilsinghdhadwal:Sahil@123@cluster0-xzigw.mongodb.net/dengine-biogen-test...
2023-03-27T16:45:10.011Z [Dengine] info: Listening on port 5000...
2023-03-27T16:45:21.013Z [Dengine] info: Listening on port 5000...
2023-03-27T16:45:21.492Z [Dengine] info: Connected to mongodb+srv://sahilsinghdhadwal:Sahil@123@cluster0-xzigw.mongodb.net/dengine-biogen-test...
2023-03-27T16:45:57.658Z [Dengine] error: Cannot read properties of null (reading '1') Cannot read properties of null (reading '1')
2023-03-27T16:45:59.306Z [Dengine] error: Cannot read properties of null (reading '1') Cannot read properties of null (reading '1')
2023-03-27T16:52:27.491Z [Dengine] error: Cannot read properties of null (reading '1') Cannot read properties of null (reading '1')
2023-03-27T16:56:32.989Z [Dengine] info: Listening on port 5000...
2023-03-27T16:56:34.717Z [Dengine] info: Listening on port 5000...
2023-03-27T16:56:35.168Z [Dengine] info: Connected to mongodb+srv://sahilsinghdhadwal:Sahil@123@cluster0-xzigw.mongodb.net/dengine-biogen-test...
2023-03-27T16:56:39.145Z [Dengine] info: Listening on port 5000...
2023-03-27T16:56:48.827Z [Dengine] info: Listening on port 5000...
2023-03-27T16:56:49.274Z [Dengine] info: Connected to mongodb+srv://sahilsinghdhadwal:Sahil@123@cluster0-xzigw.mongodb.net/dengine-biogen-test...
2023-03-27T16:57:24.258Z [Dengine] error: Cannot read properties of null (reading '1') Cannot read properties of null (reading '1')
2023-03-27T16:57:25.101Z [Dengine] error: Cannot read properties of null (reading '1') Cannot read properties of null (reading '1')
2023-03-27T16:57:41.076Z [Dengine] error: Cannot read properties of null (reading '1') Cannot read properties of null (reading '1')
2023-03-27T16:57:59.391Z [Dengine] error: Cannot read properties of null (reading '1') Cannot read properties of null (reading '1')
2023-03-27T17:00:18.418Z [Dengine] info: Listening on port 5000...
2023-03-27T17:00:18.928Z [Dengine] info: Connected to mongodb+srv://sahilsinghdhadwal:Sahil@123@cluster0-xzigw.mongodb.net/dengine-biogen-test...
2023-03-27T17:00:27.847Z [Dengine] error: Cannot read properties of null (reading '1') Cannot read properties of null (reading '1')
2023-03-27T17:00:40.760Z [Dengine] info: Listening on port 5000...
2023-03-27T17:00:41.236Z [Dengine] info: Connected to mongodb+srv://sahilsinghdhadwal:Sahil@123@cluster0-xzigw.mongodb.net/dengine-biogen-test...
2023-03-27T17:01:29.783Z [Dengine] info: Listening on port 5000...
2023-03-27T17:01:30.365Z [Dengine] info: Connected to mongodb+srv://sahilsinghdhadwal:Sahil@123@cluster0-xzigw.mongodb.net/dengine-biogen-test...
2023-03-27T17:01:38.495Z [Dengine] info: Listening on port 5000...
2023-03-27T17:01:38.976Z [Dengine] info: Connected to mongodb+srv://sahilsinghdhadwal:Sahil@123@cluster0-xzigw.mongodb.net/dengine-biogen-test...
2023-03-27T17:02:22.489Z [Dengine] info: Listening on port 5000...
2023-03-27T17:02:22.946Z [Dengine] info: Connected to mongodb+srv://sahilsinghdhadwal:Sahil@123@cluster0-xzigw.mongodb.net/dengine-biogen-test...
2023-03-27T17:02:45.075Z [Dengine] error: Cannot read properties of null (reading '1') Cannot read properties of null (reading '1')
2023-03-27T17:04:13.411Z [Dengine] info: Listening on port 5000...
2023-03-27T17:04:13.925Z [Dengine] info: Connected to mongodb+srv://sahilsinghdhadwal:Sahil@123@cluster0-xzigw.mongodb.net/dengine-biogen-test...
2023-03-27T17:04:15.371Z [Dengine] info: Listening on port 5000...
2023-03-27T17:04:15.799Z [Dengine] info: Connected to mongodb+srv://sahilsinghdhadwal:Sahil@123@cluster0-xzigw.mongodb.net/dengine-biogen-test...
2023-03-27T17:04:19.008Z [Dengine] info: Listening on port 5000...
2023-03-27T17:04:19.573Z [Dengine] info: Connected to mongodb+srv://sahilsinghdhadwal:Sahil@123@cluster0-xzigw.mongodb.net/dengine-biogen-test...
2023-03-27T17:04:28.166Z [Dengine] info: Listening on port 5000...
2023-03-27T17:04:28.568Z [Dengine] info: Connected to mongodb+srv://sahilsinghdhadwal:Sahil@123@cluster0-xzigw.mongodb.net/dengine-biogen-test...
2023-03-27T17:04:46.928Z [Dengine] error: Cannot read properties of null (reading '1') Cannot read properties of null (reading '1')
2023-03-27T17:04:49.283Z [Dengine] error: Cannot read properties of null (reading '1') Cannot read properties of null (reading '1')
2023-03-27T17:04:50.611Z [Dengine] error: Cannot read properties of null (reading '1') Cannot read properties of null (reading '1')
2023-03-27T17:04:52.099Z [Dengine] error: Cannot read properties of null (reading '1') Cannot read properties of null (reading '1')
2023-03-27T17:04:53.227Z [Dengine] error: Cannot read properties of null (reading '1') Cannot read properties of null (reading '1')
2023-03-27T17:06:06.680Z [Dengine] error: Cannot read properties of null (reading '1') Cannot read properties of null (reading '1')
2023-03-27T17:10:19.205Z [Dengine] info: Listening on port 5000...
2023-03-27T17:10:19.737Z [Dengine] info: Connected to mongodb+srv://sahilsinghdhadwal:Sahil@123@cluster0-xzigw.mongodb.net/dengine-biogen-test...
2023-03-27T17:11:23.829Z [Dengine] error: Cannot read properties of null (reading '1') Cannot read properties of null (reading '1')
2023-03-27T17:25:54.994Z [Dengine] info: Listening on port 6000...
2023-03-27T17:25:55.575Z [Dengine] info: Connected to mongodb+srv://sahilsinghdhadwal:Sahil@123@cluster0-xzigw.mongodb.net/dengine-biogen-test...
2023-03-27T17:25:59.191Z [Dengine] info: Listening on port 6000...
2023-03-27T17:26:09.278Z [Dengine] info: Listening on port 6000...
2023-03-27T17:26:09.788Z [Dengine] info: Connected to mongodb+srv://sahilsinghdhadwal:Sahil@123@cluster0-xzigw.mongodb.net/dengine-biogen-test...
2023-03-27T17:26:34.273Z [Dengine] error: Cannot read properties of null (reading '1') Cannot read properties of null (reading '1')
2023-03-27T18:19:02.166Z [Dengine] info: Listening on port 6000...
2023-03-27T18:19:02.746Z [Dengine] info: Connected to mongodb+srv://sahilsinghdhadwal:Sahil@123@cluster0-xzigw.mongodb.net/dengine-biogen-test...
2023-03-27T18:19:23.002Z [Dengine] error: Cannot read properties of null (reading '1') Cannot read properties of null (reading '1')
2023-03-27T18:19:48.403Z [Dengine] error: Cannot read properties of null (reading '1') Cannot read properties of null (reading '1')
2023-03-27T18:27:11.420Z [Dengine] error: Cannot read properties of null (reading '1') Cannot read properties of null (reading '1')
2023-03-27T18:34:22.360Z [Dengine] info: Listening on port 6000...
2023-03-27T18:34:22.905Z [Dengine] info: Connected to mongodb+srv://sahilsinghdhadwal:Sahil@123@cluster0-xzigw.mongodb.net/dengine-biogen-test...
2023-03-27T18:38:12.503Z [Dengine] info: Listening on port 6000...
2023-03-27T18:38:13.929Z [Dengine] info: Listening on port 6000...
2023-03-27T18:38:14.341Z [Dengine] info: Connected to mongodb+srv://sahilsinghdhadwal:Sahil@123@cluster0-xzigw.mongodb.net/dengine-biogen-test...
2023-03-27T18:38:17.986Z [Dengine] info: Listening on port 6000...
2023-03-27T18:38:30.619Z [Dengine] info: Listening on port 6000...
2023-03-27T18:38:31.083Z [Dengine] info: Connected to mongodb+srv://sahilsinghdhadwal:Sahil@123@cluster0-xzigw.mongodb.net/dengine-biogen-test...
2023-03-27T18:38:44.413Z [Dengine] error: Cannot read properties of null (reading '1') Cannot read properties of null (reading '1')
2023-03-27T18:38:44.977Z [Dengine] error: Cannot read properties of null (reading '1') Cannot read properties of null (reading '1')
2023-03-27T18:38:46.911Z [Dengine] error: Cannot read properties of null (reading '1') Cannot read properties of null (reading '1')
2023-03-27T19:03:36.216Z [Dengine] info: Listening on port 6000...
2023-03-27T19:03:36.823Z [Dengine] info: Connected to mongodb+srv://sahilsinghdhadwal:Sahil@123@cluster0-xzigw.mongodb.net/dengine-biogen-test...
2023-03-27T19:09:17.138Z [Dengine] info: Listening on port 6000...
2023-03-27T19:09:17.733Z [Dengine] info: Connected to mongodb+srv://sahilsinghdhadwal:Sahil@123@cluster0-xzigw.mongodb.net/dengine-biogen-test...
2023-03-27T19:11:24.881Z [Dengine] info: Listening on port 6000...
2023-03-27T19:11:25.389Z [Dengine] info: Connected to mongodb+srv://sahilsinghdhadwal:Sahil@123@cluster0-xzigw.mongodb.net/dengine-biogen-test...
2023-03-27T19:11:39.018Z [Dengine] error: Cannot read properties of null (reading '1') Cannot read properties of null (reading '1')
2023-03-27T19:12:24.670Z [Dengine] info: Listening on port 6000...
2023-03-27T19:12:25.224Z [Dengine] info: Connected to mongodb+srv://sahilsinghdhadwal:Sahil@123@cluster0-xzigw.mongodb.net/dengine-biogen-test...
2023-03-27T19:12:30.067Z [Dengine] error: Cannot read properties of null (reading '1') Cannot read properties of null (reading '1')
2023-03-27T19:14:06.630Z [Dengine] info: Listening on port 6000...
2023-03-27T19:14:07.173Z [Dengine] info: Connected to mongodb+srv://sahilsinghdhadwal:Sahil@123@cluster0-xzigw.mongodb.net/dengine-biogen-test...
2023-03-27T19:14:33.099Z [Dengine] error: Cannot read properties of null (reading '1') Cannot read properties of null (reading '1')
2023-03-27T19:23:57.908Z [Dengine] info: Listening on port 6000...
2023-03-27T19:23:58.457Z [Dengine] info: Connected to mongodb+srv://sahilsinghdhadwal:Sahil@123@cluster0-xzigw.mongodb.net/dengine-biogen-test...
2023-03-27T20:13:32.149Z [Dengine] info: Listening on port 6000...
2023-03-27T20:13:32.696Z [Dengine] info: Connected to mongodb+srv://sahilsinghdhadwal:Sahil@123@cluster0-xzigw.mongodb.net/dengine-biogen-test...
2023-03-27T20:19:44.407Z [Dengine] error: Cannot read properties of null (reading 'length') Cannot read properties of null (reading 'length')
2023-03-28T04:16:26.301Z [Dengine] error: Cannot read properties of null (reading 'length') Cannot read properties of null (reading 'length')
2023-03-28T04:17:22.296Z [Dengine] error: Cannot read properties of null (reading 'length') Cannot read properties of null (reading 'length')
2023-03-28T19:05:30.513Z [Dengine] info: Listening on port 6000...
2023-03-28T19:05:31.060Z [Dengine] info: Connected to mongodb+srv://sahilsinghdhadwal:Sahil@123@cluster0-xzigw.mongodb.net/dengine-biogen-test...
2023-03-28T22:50:35.877Z [Dengine] error: Cannot read properties of null (reading 'length') Cannot read properties of null (reading 'length')
2023-03-29T06:53:15.695Z [Dengine] error: Cannot read properties of null (reading 'length') Cannot read properties of null (reading 'length')
2023-03-29T17:41:35.646Z [Dengine] info: Listening on port 6000...
2023-03-29T17:41:36.189Z [Dengine] info: Connected to mongodb+srv://sahilsinghdhadwal:Sahil@123@cluster0-xzigw.mongodb.net/dengine-biogen-test...
2023-03-29T17:42:26.541Z [Dengine] info: Listening on port 6000...
2023-03-29T17:42:26.994Z [Dengine] info: Connected to mongodb+srv://sahilsinghdhadwal:Sahil@123@cluster0-xzigw.mongodb.net/dengine-biogen-test...
2023-03-29T20:07:10.652Z [Dengine] error: Cannot read properties of null (reading 'length') Cannot read properties of null (reading 'length')
2023-03-29T20:45:01.993Z [Dengine] error: Cannot read properties of null (reading 'length') Cannot read properties of null (reading 'length')
2023-03-30T08:15:32.165Z [Dengine] error: Cannot read properties of null (reading 'length') Cannot read properties of null (reading 'length')
2023-03-30T08:17:08.692Z [Dengine] error: Cannot read properties of null (reading 'length') Cannot read properties of null (reading 'length')
2023-03-30T08:46:08.268Z [Dengine] info: Listening on port 6000...
2023-03-30T08:46:08.829Z [Dengine] info: Connected to mongodb+srv://sahilsinghdhadwal:Sahil@123@cluster0-xzigw.mongodb.net/dengine-biogen-test...
2023-03-30T23:57:09.537Z [Dengine] info: Listening on port 6000...
2023-03-30T23:57:11.732Z [Dengine] info: Listening on port 6000...
2023-03-30T23:57:12.200Z [Dengine] info: Connected to mongodb+srv://sahilsinghdhadwal:Sahil@123@cluster0-xzigw.mongodb.net/dengine-biogen-test...
2023-03-30T23:57:17.429Z [Dengine] info: Listening on port 6000...
2023-03-30T23:57:33.340Z [Dengine] info: Listening on port 6000...
2023-03-30T23:57:33.842Z [Dengine] info: Connected to mongodb+srv://sahilsinghdhadwal:Sahil@123@cluster0-xzigw.mongodb.net/dengine-biogen-test...
2023-03-31T09:06:20.501Z [Dengine] error: Cannot read properties of null (reading 'length') Cannot read properties of null (reading 'length')
2023-03-31T09:33:13.330Z [Dengine] error: Cannot read properties of null (reading 'length') Cannot read properties of null (reading 'length')
2023-03-31T10:41:08.155Z [Dengine] error: Cannot read properties of null (reading 'length') Cannot read properties of null (reading 'length')
2023-04-06T16:01:04.159Z [Dengine] info: Listening on port 5000...
2023-04-06T16:01:06.595Z [Dengine] info: Listening on port 5000...
2023-04-06T16:01:08.340Z [Dengine] info: Connected to mongodb+srv://sahilsinghdhadwal:Sahil@123@cluster0-xzigw.mongodb.net/dengine-biogen-test...
2023-04-06T16:01:11.596Z [Dengine] info: Listening on port 5000...
2023-04-06T16:01:23.602Z [Dengine] info: Listening on port 5000...
2023-04-06T16:01:24.263Z [Dengine] info: Connected to mongodb+srv://sahilsinghdhadwal:Sahil@123@cluster0-xzigw.mongodb.net/dengine-biogen-test...
2023-04-06T16:26:46.989Z [Dengine] info: Listening on port 5000...
2023-04-06T16:26:47.662Z [Dengine] info: Connected to mongodb+srv://sahilsinghdhadwal:Sahil@123@cluster0-xzigw.mongodb.net/dengine-biogen-test...
2023-04-06T16:33:39.723Z [Dengine] info: Listening on port 5000...
2023-04-06T16:33:40.415Z [Dengine] info: Connected to mongodb+srv://sahilsinghdhadwal:Sahil@123@cluster0-xzigw.mongodb.net/dengine-biogen-test...
2023-04-06T16:33:42.583Z [Dengine] info: Listening on port 5000...
2023-04-06T16:33:43.333Z [Dengine] info: Connected to mongodb+srv://sahilsinghdhadwal:Sahil@123@cluster0-xzigw.mongodb.net/dengine-biogen-test...
2023-04-06T16:33:48.047Z [Dengine] info: Listening on port 5000...
2023-04-06T16:33:59.518Z [Dengine] info: Listening on port 5000...
2023-04-06T16:34:00.325Z [Dengine] info: Connected to mongodb+srv://sahilsinghdhadwal:Sahil@123@cluster0-xzigw.mongodb.net/dengine-biogen-test...
2023-04-06T17:05:53.575Z [Dengine] info: Listening on port 5000...
2023-04-06T17:05:54.220Z [Dengine] info: Connected to mongodb+srv://sahilsinghdhadwal:Sahil@123@cluster0-xzigw.mongodb.net/dengine-biogen-test...
2023-05-06T05:06:59.979Z [Dengine] info: Listening on port 5000...
2023-05-06T05:07:02.299Z [Dengine] info: Listening on port 5000...
2023-05-06T05:07:02.947Z [Dengine] info: Connected to mongodb+srv://sahilsinghdhadwal:Sahil@123@cluster0-xzigw.mongodb.net/dengine-biogen-test...
2023-05-06T05:07:07.061Z [Dengine] info: Listening on port 5000...
2023-05-06T05:07:20.524Z [Dengine] info: Listening on port 5000...
2023-05-06T05:07:21.095Z [Dengine] info: Connected to mongodb+srv://sahilsinghdhadwal:Sahil@123@cluster0-xzigw.mongodb.net/dengine-biogen-test...
2023-05-23T08:17:41.073Z [Dengine] info: Listening on port 5000...
2023-05-23T08:17:44.198Z [Dengine] info: Listening on port 5000...
2023-05-23T08:17:44.948Z [Dengine] info: Connected to mongodb+srv://sahilsinghdhadwal:Sahil@123@cluster0-xzigw.mongodb.net/dengine-biogen-test...
2023-05-23T08:18:04.377Z [Dengine] info: Listening on port 5000...
2023-05-23T08:18:05.005Z [Dengine] info: Connected to mongodb+srv://sahilsinghdhadwal:Sahil@123@cluster0-xzigw.mongodb.net/dengine-biogen-test...
2023-05-24T06:51:58.815Z [Dengine] info: Listening on port 5000...
2023-05-24T06:52:02.466Z [Dengine] info: Listening on port 5000...
2023-05-24T06:52:03.117Z [Dengine] info: Connected to mongodb+srv://sahilsinghdhadwal:Sahil@123@cluster0-xzigw.mongodb.net/dengine-biogen-test...
2023-05-24T06:52:10.376Z [Dengine] info: Listening on port 5000...
2023-05-24T06:52:27.924Z [Dengine] info: Listening on port 5000...
2023-05-24T06:52:28.782Z [Dengine] info: Connected to mongodb+srv://sahilsinghdhadwal:Sahil@123@cluster0-xzigw.mongodb.net/dengine-biogen-test...
2023-05-24T08:08:12.367Z [Dengine] error: Cannot read properties of null (reading 'length') Cannot read properties of null (reading 'length')
2023-05-24T08:11:02.959Z [Dengine] info: Listening on port 5000...
2023-05-24T08:11:10.842Z [Dengine] info: Connected to mongodb+srv://sahilsinghdhadwal:Sahil@123@cluster0-xzigw.mongodb.net/dengine-biogen-test...
2023-05-24T11:21:34.972Z [Dengine] info: Listening on port 5000...
2023-05-24T11:21:35.618Z [Dengine] info: Connected to mongodb+srv://sahilsinghdhadwal:Sahil@123@cluster0-xzigw.mongodb.net/dengine-biogen-test...
2023-05-24T11:21:38.517Z [Dengine] info: Listening on port 5000...
2023-05-24T11:21:39.136Z [Dengine] info: Connected to mongodb+srv://sahilsinghdhadwal:Sahil@123@cluster0-xzigw.mongodb.net/dengine-biogen-test...
2023-05-24T11:21:44.237Z [Dengine] info: Listening on port 5000...
2023-05-24T11:21:44.889Z [Dengine] info: Connected to mongodb+srv://sahilsinghdhadwal:Sahil@123@cluster0-xzigw.mongodb.net/dengine-biogen-test...
2023-05-24T11:21:59.271Z [Dengine] info: Listening on port 5000...
2023-05-24T11:21:59.962Z [Dengine] info: Connected to mongodb+srv://sahilsinghdhadwal:Sahil@123@cluster0-xzigw.mongodb.net/dengine-biogen-test...
2023-05-24T12:53:19.706Z [Dengine] error: Cannot read properties of null (reading 'length') Cannot read properties of null (reading 'length')
2023-05-25T07:51:14.825Z [Dengine] info: Listening on port 5000...
2023-05-25T07:51:19.110Z [Dengine] info: Listening on port 5000...
2023-05-25T07:51:19.772Z [Dengine] info: Connected to mongodb+srv://sahilsinghdhadwal:Sahil@123@cluster0-xzigw.mongodb.net/dengine-biogen-test...
2023-05-25T07:51:39.944Z [Dengine] info: Listening on port 5000...
2023-05-25T07:51:40.481Z [Dengine] info: Connected to mongodb+srv://sahilsinghdhadwal:Sahil@123@cluster0-xzigw.mongodb.net/dengine-biogen-test...
2023-05-25T07:53:30.162Z [Dengine] info: Listening on port 5000...
2023-05-25T07:53:30.874Z [Dengine] info: Connected to mongodb+srv://sahilsinghdhadwal:Sahil@123@cluster0-xzigw.mongodb.net/dengine-biogen-test...
2023-05-25T07:53:33.733Z [Dengine] info: Listening on port 5000...
2023-05-25T07:53:34.456Z [Dengine] info: Connected to mongodb+srv://sahilsinghdhadwal:Sahil@123@cluster0-xzigw.mongodb.net/dengine-biogen-test...
2023-05-25T07:53:39.705Z [Dengine] info: Listening on port 5000...
2023-05-25T07:53:40.303Z [Dengine] info: Connected to mongodb+srv://sahilsinghdhadwal:Sahil@123@cluster0-xzigw.mongodb.net/dengine-biogen-test...
2023-05-25T07:53:54.743Z [Dengine] info: Listening on port 5000...
2023-05-25T07:53:55.382Z [Dengine] info: Connected to mongodb+srv://sahilsinghdhadwal:Sahil@123@cluster0-xzigw.mongodb.net/dengine-biogen-test...
2023-05-25T09:23:50.052Z [Dengine] error: Cannot read properties of null (reading 'length') Cannot read properties of null (reading 'length')
2023-05-25T09:50:59.252Z [Dengine] info: Listening on port 5000...
2023-05-25T09:50:59.891Z [Dengine] info: Connected to mongodb+srv://sahilsinghdhadwal:Sahil@123@cluster0-xzigw.mongodb.net/dengine-biogen-test...
2023-05-25T10:00:35.679Z [Dengine] info: Listening on port 5000...
2023-05-25T10:00:36.290Z [Dengine] info: Connected to mongodb+srv://sahilsinghdhadwal:Sahil@123@cluster0-xzigw.mongodb.net/dengine-biogen-test...
2023-05-25T11:06:09.066Z [Dengine] error: Cannot read properties of null (reading 'length') Cannot read properties of null (reading 'length')
2023-05-25T12:24:06.949Z [Dengine] info: Listening on port 5000...
2023-05-25T12:24:07.639Z [Dengine] info: Connected to mongodb+srv://sahilsinghdhadwal:Sahil@123@cluster0-xzigw.mongodb.net/dengine-biogen-test...
2023-05-25T12:24:11.527Z [Dengine] info: Listening on port 5000...
2023-05-25T12:24:12.225Z [Dengine] info: Connected to mongodb+srv://sahilsinghdhadwal:Sahil@123@cluster0-xzigw.mongodb.net/dengine-biogen-test...
2023-05-25T12:24:35.966Z [Dengine] info: Listening on port 5000...
2023-05-25T12:24:36.812Z [Dengine] info: Connected to mongodb+srv://sahilsinghdhadwal:Sahil@123@cluster0-xzigw.mongodb.net/dengine-biogen-test...
2023-05-25T16:25:52.738Z [Dengine] info: Listening on port 5000...
2023-05-25T16:25:53.391Z [Dengine] info: Connected to mongodb+srv://sahilsinghdhadwal:Sahil@123@cluster0-xzigw.mongodb.net/dengine-biogen-test...
2023-05-25T16:27:36.032Z [Dengine] info: Listening on port 5000...
2023-05-25T16:27:36.670Z [Dengine] info: Connected to mongodb+srv://sahilsinghdhadwal:Sahil@123@cluster0-xzigw.mongodb.net/dengine-biogen-test...
2023-05-25T16:27:47.738Z [Dengine] info: Listening on port 5000...
2023-05-25T16:27:48.447Z [Dengine] info: Connected to mongodb+srv://sahilsinghdhadwal:Sahil@123@cluster0-xzigw.mongodb.net/dengine-biogen-test...
2023-05-25T17:43:27.560Z [Dengine] error: Cannot read properties of null (reading 'length') Cannot read properties of null (reading 'length')
2023-05-25T18:18:10.619Z [Dengine] info: Listening on port 5000...
2023-05-25T18:18:11.218Z [Dengine] info: Connected to mongodb+srv://sahilsinghdhadwal:Sahil@123@cluster0-xzigw.mongodb.net/dengine-biogen-test...
2023-05-25T18:42:38.123Z [Dengine] info: Listening on port 5000...
2023-05-25T18:42:38.734Z [Dengine] info: Connected to mongodb+srv://sahilsinghdhadwal:Sahil@123@cluster0-xzigw.mongodb.net/dengine-biogen-test...
2023-05-26T04:47:56.809Z [Dengine] info: Listening on port 5000...
2023-05-26T04:47:57.542Z [Dengine] info: Connected to mongodb+srv://sahilsinghdhadwal:Sahil@123@cluster0-xzigw.mongodb.net/dengine-biogen-test...
2023-05-26T04:48:01.639Z [Dengine] info: Listening on port 5000...
2023-05-26T04:48:02.319Z [Dengine] info: Connected to mongodb+srv://sahilsinghdhadwal:Sahil@123@cluster0-xzigw.mongodb.net/dengine-biogen-test...
2023-05-26T04:48:23.515Z [Dengine] info: Listening on port 5000...
2023-05-26T04:48:24.372Z [Dengine] info: Connected to mongodb+srv://sahilsinghdhadwal:Sahil@123@cluster0-xzigw.mongodb.net/dengine-biogen-test...
2023-05-26T05:54:07.013Z [Dengine] error: Cannot read properties of null (reading 'length') Cannot read properties of null (reading 'length')
2023-05-26T06:01:57.288Z [Dengine] info: Listening on port 5000...
2023-05-26T06:01:57.877Z [Dengine] info: Connected to mongodb+srv://sahilsinghdhadwal:Sahil@123@cluster0-xzigw.mongodb.net/dengine-biogen-test...
2023-05-26T07:32:56.117Z [Dengine] info: Listening on port 5000...
2023-05-26T07:32:56.829Z [Dengine] info: Connected to mongodb+srv://sahilsinghdhadwal:Sahil@123@cluster0-xzigw.mongodb.net/dengine-biogen-test...
2023-05-26T17:37:34.404Z [Dengine] info: Listening on port 5000...
2023-05-26T17:37:35.136Z [Dengine] info: Connected to mongodb+srv://sahilsinghdhadwal:Sahil@123@cluster0-xzigw.mongodb.net/dengine-biogen-test...
2023-05-26T17:37:38.743Z [Dengine] info: Listening on port 5000...
2023-05-26T17:37:39.482Z [Dengine] info: Connected to mongodb+srv://sahilsinghdhadwal:Sahil@123@cluster0-xzigw.mongodb.net/dengine-biogen-test...
2023-05-26T17:38:00.346Z [Dengine] info: Listening on port 5000...
2023-05-26T17:38:01.111Z [Dengine] info: Connected to mongodb+srv://sahilsinghdhadwal:Sahil@123@cluster0-xzigw.mongodb.net/dengine-biogen-test...
2023-05-29T04:58:10.816Z [Dengine] info: Listening on port 5000...
2023-05-29T04:58:11.615Z [Dengine] info: Connected to mongodb+srv://sahilsinghdhadwal:Sahil@123@cluster0-xzigw.mongodb.net/dengine-biogen-test...
2023-05-29T04:58:14.869Z [Dengine] info: Listening on port 5000...
2023-05-29T04:58:15.515Z [Dengine] info: Connected to mongodb+srv://sahilsinghdhadwal:Sahil@123@cluster0-xzigw.mongodb.net/dengine-biogen-test...
2023-05-29T04:58:35.505Z [Dengine] info: Listening on port 5000...
2023-05-29T04:58:36.277Z [Dengine] info: Connected to mongodb+srv://sahilsinghdhadwal:Sahil@123@cluster0-xzigw.mongodb.net/dengine-biogen-test...
2023-05-29T05:58:53.251Z [Dengine] info: Listening on port 5000...
2023-05-29T05:58:54.050Z [Dengine] info: Connected to mongodb+srv://sahilsinghdhadwal:Sahil@123@cluster0-xzigw.mongodb.net/dengine-biogen-test...
2023-05-29T05:58:57.302Z [Dengine] info: Listening on port 5000...
2023-05-29T05:58:58.158Z [Dengine] info: Connected to mongodb+srv://sahilsinghdhadwal:Sahil@123@cluster0-xzigw.mongodb.net/dengine-biogen-test...
2023-05-29T05:59:20.983Z [Dengine] info: Listening on port 5000...
2023-05-29T05:59:21.640Z [Dengine] info: Connected to mongodb+srv://sahilsinghdhadwal:Sahil@123@cluster0-xzigw.mongodb.net/dengine-biogen-test...
2023-05-29T06:56:07.345Z [Dengine] error: Cannot read properties of null (reading 'length') Cannot read properties of null (reading 'length')
2023-05-29T06:59:36.603Z [Dengine] info: Listening on port 5000...
2023-05-29T06:59:37.521Z [Dengine] info: Connected to mongodb+srv://sahilsinghdhadwal:Sahil@123@cluster0-xzigw.mongodb.net/dengine-biogen-test...
2023-05-29T07:01:20.170Z [Dengine] info: Listening on port 5000...
2023-05-29T07:01:20.831Z [Dengine] info: Connected to mongodb+srv://sahilsinghdhadwal:Sahil@123@cluster0-xzigw.mongodb.net/dengine-biogen-test...
2023-05-29T07:01:24.540Z [Dengine] info: Listening on port 5000...
2023-05-29T07:01:25.233Z [Dengine] info: Connected to mongodb+srv://sahilsinghdhadwal:Sahil@123@cluster0-xzigw.mongodb.net/dengine-biogen-test...
2023-05-29T07:01:33.298Z [Dengine] info: Listening on port 5000...
2023-05-29T07:01:48.788Z [Dengine] info: Listening on port 5000...
2023-05-29T07:01:49.544Z [Dengine] info: Connected to mongodb+srv://sahilsinghdhadwal:Sahil@123@cluster0-xzigw.mongodb.net/dengine-biogen-test...
2023-05-29T07:03:08.180Z [Dengine] info: Listening on port 5000...
2023-05-29T07:03:08.876Z [Dengine] info: Connected to mongodb+srv://sahilsinghdhadwal:Sahil@123@cluster0-xzigw.mongodb.net/dengine-biogen-test...
2023-05-30T07:27:28.592Z [Dengine] info: Listening on port 5000...
2023-05-30T07:27:29.221Z [Dengine] info: Connected to mongodb+srv://sahilsinghdhadwal:Sahil@123@cluster0-xzigw.mongodb.net/dengine-biogen-test...
2023-05-30T07:27:32.873Z [Dengine] info: Listening on port 5000...
2023-05-30T07:27:33.520Z [Dengine] info: Connected to mongodb+srv://sahilsinghdhadwal:Sahil@123@cluster0-xzigw.mongodb.net/dengine-biogen-test...
2023-05-30T07:27:51.565Z [Dengine] info: Listening on port 5000...
2023-05-30T07:27:52.163Z [Dengine] info: Connected to mongodb+srv://sahilsinghdhadwal:Sahil@123@cluster0-xzigw.mongodb.net/dengine-biogen-test...
2023-05-30T07:31:12.539Z [Dengine] info: Listening on port 5000...
2023-05-30T07:31:13.276Z [Dengine] info: Connected to mongodb+srv://sahilsinghdhadwal:Sahil@123@cluster0-xzigw.mongodb.net/dengine-biogen-test...
2023-05-30T07:31:16.783Z [Dengine] info: Listening on port 5000...
2023-05-30T07:31:17.472Z [Dengine] info: Connected to mongodb+srv://sahilsinghdhadwal:Sahil@123@cluster0-xzigw.mongodb.net/dengine-biogen-test...
2023-05-30T07:31:39.505Z [Dengine] info: Listening on port 5000...
2023-05-30T07:31:40.248Z [Dengine] info: Connected to mongodb+srv://sahilsinghdhadwal:Sahil@123@cluster0-xzigw.mongodb.net/dengine-biogen-test...
2023-05-30T07:35:33.874Z [Dengine] info: Listening on port 5000...
2023-05-30T07:35:34.600Z [Dengine] info: Connected to mongodb+srv://sahilsinghdhadwal:Sahil@123@cluster0-xzigw.mongodb.net/dengine-biogen-test...
2023-05-30T07:35:47.239Z [Dengine] info: Listening on port 5000...
2023-05-30T07:35:47.825Z [Dengine] info: Connected to mongodb+srv://sahilsinghdhadwal:Sahil@123@cluster0-xzigw.mongodb.net/dengine-biogen-test...
2023-05-30T07:35:51.314Z [Dengine] info: Listening on port 5000...
2023-05-30T07:35:51.903Z [Dengine] info: Connected to mongodb+srv://sahilsinghdhadwal:Sahil@123@cluster0-xzigw.mongodb.net/dengine-biogen-test...
2023-05-30T07:35:55.980Z [Dengine] info: Listening on port 5000...
2023-05-30T07:35:56.570Z [Dengine] info: Connected to mongodb+srv://sahilsinghdhadwal:Sahil@123@cluster0-xzigw.mongodb.net/dengine-biogen-test...
2023-05-30T07:36:09.260Z [Dengine] info: Listening on port 5000...
2023-05-30T07:36:09.847Z [Dengine] info: Connected to mongodb+srv://sahilsinghdhadwal:Sahil@123@cluster0-xzigw.mongodb.net/dengine-biogen-test...
